#
# A fatal error has been detected by the Java Runtime Environment:
#
#  EXCEPTION_ACCESS_VIOLATION (0xc0000005) at pc=0x000000006931215d, pid=9740, tid=0x0000000000000c54
#
# JRE version: Java(TM) SE Runtime Environment (8.0_251-b08) (build 1.8.0_251-b08)
# Java VM: Java HotSpot(TM) 64-Bit Server VM (25.251-b08 mixed mode windows-amd64 compressed oops)
# Problematic frame:
# V  [jvm.dll+0x13215d]
#
# Failed to write core dump. Minidumps are not enabled by default on client versions of Windows
#
# If you would like to submit a bug report, please visit:
#   http://bugreport.java.com/bugreport/crash.jsp
#

---------------  T H R E A D  ---------------

Current thread (0x000000001e3c1800):  VMThread [stack: 0x000000001f440000,0x000000001f540000] [id=3156]

siginfo: ExceptionCode=0xc0000005, reading address 0x00000000000400f8

Registers:
RAX=0x00000000233372c0, RBX=0x0000000000000023, RCX=0x0000000000040000, RDX=0x00000000699c3150
RSP=0x000000001f53ed10, RBP=0x0000000000000000, RSI=0x0000000000040000, RDI=0x0000000000000118
R8 =0x0000000000000035, R9 =0x0000000022084030, R10=0x00000000000001fe, R11=0x000000001f53ed08
R12=0x00000000699c3150, R13=0x0000000000000000, R14=0x00000000697f08c0, R15=0x00000000699c3080
RIP=0x000000006931215d, EFLAGS=0x0000000000010246

Top of Stack: (sp=0x000000001f53ed10)
0x000000001f53ed10:   000000002300ca68 0000000000000000
0x000000001f53ed20:   0000000000000008 000000002194e430
0x000000001f53ed30:   00000000697f1278 00000000699c3150
0x000000001f53ed40:   0000000000000001 00000000692e8ad6
0x000000001f53ed50:   0000000000000001 0000000000000118
0x000000001f53ed60:   00000000699c3150 00000007c039b740
0x000000001f53ed70:   00000007c039b740 00000000692ef010
0x000000001f53ed80:   00000007c039b740 00000000699c3150
0x000000001f53ed90:   000000001f53ee20 00000000036c11e0
0x000000001f53eda0:   00000000699c3150 000000006930713c
0x000000001f53edb0:   0000000000000000 000000000000000a
0x000000001f53edc0:   0000000000000000 0000000069247c2d
0x000000001f53edd0:   00000000697f08c0 00000000000001fe
0x000000001f53ede0:   ffffffffffffff00 0000000000000004
0x000000001f53edf0:   0000000000000099 0000000000000000
0x000000001f53ee00:   0000000000000000 0000000022084030 

Instructions: (pc=0x000000006931215d)
0x000000006931213d:   cc cc cc 48 89 6c 24 18 48 89 74 24 20 41 54 48
0x000000006931214d:   83 ec 30 33 ed 48 89 7c 24 48 4c 8b e2 48 8b f1
0x000000006931215d:   39 a9 f8 00 00 00 7f 04 8b fd eb 0f 48 81 c1 00
0x000000006931216d:   01 00 00 e8 fb e7 ff ff 48 8b f8 48 89 5c 24 40 


Register to memory mapping:

RAX={method} {0x00000000233372c8} 'end_method' '()V' in 'org/springframework/cglib/core/CodeEmitter'
RBX=0x0000000000000023 is an unknown value
RCX=0x0000000000040000 is an unknown value
RDX=0x00000000699c3150 is an unknown value
RSP=0x000000001f53ed10 is an unknown value
RBP=0x0000000000000000 is an unknown value
RSI=0x0000000000040000 is an unknown value
RDI=0x0000000000000118 is an unknown value
R8 =0x0000000000000035 is an unknown value
R9 =0x0000000022084030 is an unknown value
R10=0x00000000000001fe is an unknown value
R11=0x000000001f53ed08 is an unknown value
R12=0x00000000699c3150 is an unknown value
R13=0x0000000000000000 is an unknown value
R14=0x00000000697f08c0 is an unknown value
R15=0x00000000699c3080 is an unknown value


Stack: [0x000000001f440000,0x000000001f540000],  sp=0x000000001f53ed10,  free space=1019k
Native frames: (J=compiled Java code, j=interpreted, Vv=VM code, C=native code)

VM_Operation (0x0000000002eb65b0): CollectForMetadataAllocation, mode: safepoint, requested by thread 0x0000000002f97000


---------------  P R O C E S S  ---------------

Java Threads: ( => current thread )
  0x0000000021f15800 JavaThread "mysql-cj-abandoned-connection-cleanup" daemon [_thread_blocked, id=4024, stack(0x00000000211c0000,0x00000000212c0000)]
  0x0000000020a76000 JavaThread "JMX server connection timeout 19" daemon [_thread_blocked, id=7196, stack(0x0000000022a90000,0x0000000022b90000)]
  0x0000000020a48000 JavaThread "RMI TCP Connection(2)-127.0.0.1" daemon [_thread_in_native, id=14332, stack(0x0000000022990000,0x0000000022a90000)]
  0x0000000020a45000 JavaThread "RMI Scheduler(0)" daemon [_thread_blocked, id=13448, stack(0x0000000022790000,0x0000000022890000)]
  0x0000000021548800 JavaThread "RMI TCP Connection(1)-127.0.0.1" daemon [_thread_in_native, id=8120, stack(0x0000000022690000,0x0000000022790000)]
  0x0000000020653000 JavaThread "RMI TCP Accept-0" daemon [_thread_in_native, id=6888, stack(0x0000000020c80000,0x0000000020d80000)]
  0x0000000020652000 JavaThread "RMI TCP Accept-64406" daemon [_thread_in_native, id=13844, stack(0x0000000020b80000,0x0000000020c80000)]
  0x0000000020643800 JavaThread "RMI TCP Accept-0" daemon [_thread_in_native, id=12384, stack(0x0000000020a80000,0x0000000020b80000)]
  0x000000001e48a800 JavaThread "Service Thread" daemon [_thread_blocked, id=10884, stack(0x000000001fe40000,0x000000001ff40000)]
  0x000000001e409000 JavaThread "C1 CompilerThread3" daemon [_thread_blocked, id=7880, stack(0x000000001fd40000,0x000000001fe40000)]
  0x000000001e404800 JavaThread "C2 CompilerThread2" daemon [_thread_blocked, id=6620, stack(0x000000001fc40000,0x000000001fd40000)]
  0x000000001e3fb800 JavaThread "C2 CompilerThread1" daemon [_thread_blocked, id=9128, stack(0x000000001fb40000,0x000000001fc40000)]
  0x000000001e3f7800 JavaThread "C2 CompilerThread0" daemon [_thread_blocked, id=9020, stack(0x000000001fa40000,0x000000001fb40000)]
  0x000000001e3f6800 JavaThread "Attach Listener" daemon [_thread_blocked, id=1960, stack(0x000000001f940000,0x000000001fa40000)]
  0x000000001e3f5800 JavaThread "Signal Dispatcher" daemon [_thread_blocked, id=9140, stack(0x000000001f840000,0x000000001f940000)]
  0x000000001e3e3800 JavaThread "Finalizer" daemon [_thread_blocked, id=15340, stack(0x000000001f640000,0x000000001f740000)]
  0x000000001ccdf000 JavaThread "Reference Handler" daemon [_thread_blocked, id=12340, stack(0x000000001f540000,0x000000001f640000)]
  0x0000000002f97000 JavaThread "main" [_thread_blocked, id=7744, stack(0x0000000002dc0000,0x0000000002ec0000)]

Other Threads:
=>0x000000001e3c1800 VMThread [stack: 0x000000001f440000,0x000000001f540000] [id=3156]
  0x0000000020656800 WatcherThread [stack: 0x0000000020d80000,0x0000000020e80000] [id=6336]

VM state:at safepoint (normal execution)

VM Mutex/Monitor currently owned by a thread:  ([mutex/lock_event])
[0x0000000002f94110] Threads_lock - owner thread: 0x000000001e3c1800
[0x0000000002f93790] Heap_lock - owner thread: 0x0000000002f97000

heap address: 0x00000006c1600000, size: 4074 MB, Compressed Oops mode: Zero based, Oop shift amount: 3
Narrow klass base: 0x0000000000000000, Narrow klass shift: 3
Compressed class space size: 1073741824 Address: 0x00000007c0000000

Heap:
 PSYoungGen      total 199680K, used 11874K [0x000000076b200000, 0x0000000779700000, 0x00000007c0000000)
  eden space 183808K, 0% used [0x000000076b200000,0x000000076b200000,0x0000000776580000)
  from space 15872K, 74% used [0x0000000777600000,0x0000000778198858,0x0000000778580000)
  to   space 16896K, 0% used [0x0000000776580000,0x0000000776580000,0x0000000777600000)
 ParOldGen       total 89088K, used 7835K [0x00000006c1600000, 0x00000006c6d00000, 0x000000076b200000)
  object space 89088K, 8% used [0x00000006c1600000,0x00000006c1da6f98,0x00000006c6d00000)
 Metaspace       used 33526K, capacity 35334K, committed 35416K, reserved 1079296K
  class space    used 4763K, capacity 5104K, committed 5120K, reserved 1048576K

Card table byte_map: [0x0000000012450000,0x0000000012c50000] byte_map_base: 0x000000000ee45000

Marking Bits: (ParMarkBitMap*) 0x0000000069a0af90
 Begin Bits: [0x0000000013ba0000, 0x0000000017b48000)
 End Bits:   [0x0000000017b48000, 0x000000001baf0000)

Polling page: 0x0000000001410000

CodeCache: size=245760Kb used=6340Kb max_used=6340Kb free=239419Kb
 bounds [0x0000000003090000, 0x00000000036d0000, 0x0000000012090000]
 total_blobs=3581 nmethods=3163 adapters=331
 compilation: enabled

Compilation events (10 events):
Event: 1.650 Thread 0x000000001e409000 3159       1       java.util.concurrent.ConcurrentHashMap$MapEntry::getValue (5 bytes)
Event: 1.650 Thread 0x000000001e409000 nmethod 3159 0x00000000036c0210 code [0x00000000036c0360, 0x00000000036c0470]
Event: 1.666 Thread 0x000000001e409000 3160       1       java.util.regex.ASCII::isType (15 bytes)
Event: 1.666 Thread 0x000000001e409000 nmethod 3160 0x00000000036c04d0 code [0x00000000036c0620, 0x00000000036c0770]
Event: 1.666 Thread 0x000000001e409000 3161       1       java.util.regex.ASCII::getType (17 bytes)
Event: 1.666 Thread 0x000000001e409000 nmethod 3161 0x00000000036c0850 code [0x00000000036c09a0, 0x00000000036c0ad0]
Event: 1.674 Thread 0x000000001e409000 3162       1       java.lang.Integer::numberOfLeadingZeros (76 bytes)
Event: 1.674 Thread 0x000000001e409000 nmethod 3162 0x00000000036c0b90 code [0x00000000036c0ce0, 0x00000000036c0e50]
Event: 1.679 Thread 0x000000001e409000 3163       1       org.apache.logging.log4j.Level::getStandardLevel (5 bytes)
Event: 1.679 Thread 0x000000001e409000 nmethod 3163 0x00000000036c1090 code [0x00000000036c11e0, 0x00000000036c12f0]

GC Heap History (10 events):
Event: 0.718 GC heap after
Heap after GC invocations=3 (full 0):
 PSYoungGen      total 76288K, used 5889K [0x000000076b200000, 0x0000000774700000, 0x00000007c0000000)
  eden space 65536K, 0% used [0x000000076b200000,0x000000076b200000,0x000000076f200000)
  from space 10752K, 54% used [0x000000076f200000,0x000000076f7c0510,0x000000076fc80000)
  to   space 10752K, 0% used [0x0000000773c80000,0x0000000773c80000,0x0000000774700000)
 ParOldGen       total 175104K, used 408K [0x00000006c1600000, 0x00000006cc100000, 0x000000076b200000)
  object space 175104K, 0% used [0x00000006c1600000,0x00000006c1666370,0x00000006cc100000)
 Metaspace       used 20354K, capacity 21128K, committed 21248K, reserved 1067008K
  class space    used 2779K, capacity 3011K, committed 3072K, reserved 1048576K
}
Event: 0.718 GC heap before
{Heap before GC invocations=4 (full 1):
 PSYoungGen      total 76288K, used 5889K [0x000000076b200000, 0x0000000774700000, 0x00000007c0000000)
  eden space 65536K, 0% used [0x000000076b200000,0x000000076b200000,0x000000076f200000)
  from space 10752K, 54% used [0x000000076f200000,0x000000076f7c0510,0x000000076fc80000)
  to   space 10752K, 0% used [0x0000000773c80000,0x0000000773c80000,0x0000000774700000)
 ParOldGen       total 175104K, used 408K [0x00000006c1600000, 0x00000006cc100000, 0x000000076b200000)
  object space 175104K, 0% used [0x00000006c1600000,0x00000006c1666370,0x00000006cc100000)
 Metaspace       used 20354K, capacity 21128K, committed 21248K, reserved 1067008K
  class space    used 2779K, capacity 3011K, committed 3072K, reserved 1048576K
Event: 0.734 GC heap after
Heap after GC invocations=4 (full 1):
 PSYoungGen      total 76288K, used 0K [0x000000076b200000, 0x0000000774700000, 0x00000007c0000000)
  eden space 65536K, 0% used [0x000000076b200000,0x000000076b200000,0x000000076f200000)
  from space 10752K, 0% used [0x000000076f200000,0x000000076f200000,0x000000076fc80000)
  to   space 10752K, 0% used [0x0000000773c80000,0x0000000773c80000,0x0000000774700000)
 ParOldGen       total 89088K, used 5731K [0x00000006c1600000, 0x00000006c6d00000, 0x000000076b200000)
  object space 89088K, 6% used [0x00000006c1600000,0x00000006c1b98eb0,0x00000006c6d00000)
 Metaspace       used 20352K, capacity 21122K, committed 21248K, reserved 1067008K
  class space    used 2779K, capacity 3010K, committed 3072K, reserved 1048576K
}
Event: 0.845 GC heap before
{Heap before GC invocations=5 (full 1):
 PSYoungGen      total 76288K, used 65536K [0x000000076b200000, 0x0000000774700000, 0x00000007c0000000)
  eden space 65536K, 100% used [0x000000076b200000,0x000000076f200000,0x000000076f200000)
  from space 10752K, 0% used [0x000000076f200000,0x000000076f200000,0x000000076fc80000)
  to   space 10752K, 0% used [0x0000000773c80000,0x0000000773c80000,0x0000000774700000)
 ParOldGen       total 89088K, used 5731K [0x00000006c1600000, 0x00000006c6d00000, 0x000000076b200000)
  object space 89088K, 6% used [0x00000006c1600000,0x00000006c1b98eb0,0x00000006c6d00000)
 Metaspace       used 21672K, capacity 22528K, committed 22784K, reserved 1069056K
  class space    used 2964K, capacity 3207K, committed 3328K, reserved 1048576K
Event: 0.847 GC heap after
Heap after GC invocations=5 (full 1):
 PSYoungGen      total 115200K, used 3152K [0x000000076b200000, 0x0000000774000000, 0x00000007c0000000)
  eden space 111616K, 0% used [0x000000076b200000,0x000000076b200000,0x0000000771f00000)
  from space 3584K, 87% used [0x0000000773c80000,0x0000000773f941d0,0x0000000774000000)
  to   space 10752K, 0% used [0x0000000772b00000,0x0000000772b00000,0x0000000773580000)
 ParOldGen       total 89088K, used 5739K [0x00000006c1600000, 0x00000006c6d00000, 0x000000076b200000)
  object space 89088K, 6% used [0x00000006c1600000,0x00000006c1b9aeb0,0x00000006c6d00000)
 Metaspace       used 21672K, capacity 22528K, committed 22784K, reserved 1069056K
  class space    used 2964K, capacity 3207K, committed 3328K, reserved 1048576K
}
Event: 1.386 GC heap before
{Heap before GC invocations=6 (full 1):
 PSYoungGen      total 115200K, used 114768K [0x000000076b200000, 0x0000000774000000, 0x00000007c0000000)
  eden space 111616K, 100% used [0x000000076b200000,0x0000000771f00000,0x0000000771f00000)
  from space 3584K, 87% used [0x0000000773c80000,0x0000000773f941d0,0x0000000774000000)
  to   space 10752K, 0% used [0x0000000772b00000,0x0000000772b00000,0x0000000773580000)
 ParOldGen       total 89088K, used 5739K [0x00000006c1600000, 0x00000006c6d00000, 0x000000076b200000)
  object space 89088K, 6% used [0x00000006c1600000,0x00000006c1b9aeb0,0x00000006c6d00000)
 Metaspace       used 28814K, capacity 30490K, committed 30720K, reserved 1075200K
  class space    used 4009K, capacity 4350K, committed 4352K, reserved 1048576K
Event: 1.392 GC heap after
Heap after GC invocations=6 (full 1):
 PSYoungGen      total 134656K, used 10734K [0x000000076b200000, 0x0000000778580000, 0x00000007c0000000)
  eden space 123904K, 0% used [0x000000076b200000,0x000000076b200000,0x0000000772b00000)
  from space 10752K, 99% used [0x0000000772b00000,0x000000077357b8a8,0x0000000773580000)
  to   space 15872K, 0% used [0x0000000777600000,0x0000000777600000,0x0000000778580000)
 ParOldGen       total 89088K, used 7827K [0x00000006c1600000, 0x00000006c6d00000, 0x000000076b200000)
  object space 89088K, 8% used [0x00000006c1600000,0x00000006c1da4f98,0x00000006c6d00000)
 Metaspace       used 28814K, capacity 30490K, committed 30720K, reserved 1075200K
  class space    used 4009K, capacity 4350K, committed 4352K, reserved 1048576K
}
Event: 1.682 GC heap before
{Heap before GC invocations=7 (full 1):
 PSYoungGen      total 134656K, used 104316K [0x000000076b200000, 0x0000000778580000, 0x00000007c0000000)
  eden space 123904K, 75% used [0x000000076b200000,0x0000000770d63930,0x0000000772b00000)
  from space 10752K, 99% used [0x0000000772b00000,0x000000077357b8a8,0x0000000773580000)
  to   space 15872K, 0% used [0x0000000777600000,0x0000000777600000,0x0000000778580000)
 ParOldGen       total 89088K, used 7827K [0x00000006c1600000, 0x00000006c6d00000, 0x000000076b200000)
  object space 89088K, 8% used [0x00000006c1600000,0x00000006c1da4f98,0x00000006c6d00000)
 Metaspace       used 33526K, capacity 35334K, committed 35416K, reserved 1079296K
  class space    used 4763K, capacity 5104K, committed 5120K, reserved 1048576K
Event: 1.688 GC heap after
Heap after GC invocations=7 (full 1):
 PSYoungGen      total 199680K, used 11874K [0x000000076b200000, 0x0000000779700000, 0x00000007c0000000)
  eden space 183808K, 0% used [0x000000076b200000,0x000000076b200000,0x0000000776580000)
  from space 15872K, 74% used [0x0000000777600000,0x0000000778198858,0x0000000778580000)
  to   space 16896K, 0% used [0x0000000776580000,0x0000000776580000,0x0000000777600000)
 ParOldGen       total 89088K, used 7835K [0x00000006c1600000, 0x00000006c6d00000, 0x000000076b200000)
  object space 89088K, 8% used [0x00000006c1600000,0x00000006c1da6f98,0x00000006c6d00000)
 Metaspace       used 33526K, capacity 35334K, committed 35416K, reserved 1079296K
  class space    used 4763K, capacity 5104K, committed 5120K, reserved 1048576K
}
Event: 1.688 GC heap before
{Heap before GC invocations=8 (full 2):
 PSYoungGen      total 199680K, used 11874K [0x000000076b200000, 0x0000000779700000, 0x00000007c0000000)
  eden space 183808K, 0% used [0x000000076b200000,0x000000076b200000,0x0000000776580000)
  from space 15872K, 74% used [0x0000000777600000,0x0000000778198858,0x0000000778580000)
  to   space 16896K, 0% used [0x0000000776580000,0x0000000776580000,0x0000000777600000)
 ParOldGen       total 89088K, used 7835K [0x00000006c1600000, 0x00000006c6d00000, 0x000000076b200000)
  object space 89088K, 8% used [0x00000006c1600000,0x00000006c1da6f98,0x00000006c6d00000)
 Metaspace       used 33526K, capacity 35334K, committed 35416K, reserved 1079296K
  class space    used 4763K, capacity 5104K, committed 5120K, reserved 1048576K

Deoptimization events (0 events):
No events

Classes redefined (0 events):
No events

Internal exceptions (10 events):
Event: 1.513 Thread 0x0000000002f97000 Implicit null exception at 0x0000000003493195 to 0x00000000034933fd
Event: 1.514 Thread 0x0000000002f97000 Exception <a 'java/lang/NullPointerException'> (0x000000076eb6fa58) thrown at [C:\jenkins\workspace\8-2-build-windows-amd64-cygwin\jdk8u251\737\hotspot\src\share\vm\runtime\sharedRuntime.cpp, line 605]
Event: 1.514 Thread 0x0000000002f97000 Implicit null exception at 0x0000000003493195 to 0x00000000034933fd
Event: 1.514 Thread 0x0000000002f97000 Exception <a 'java/lang/NullPointerException'> (0x000000076eb70c68) thrown at [C:\jenkins\workspace\8-2-build-windows-amd64-cygwin\jdk8u251\737\hotspot\src\share\vm\runtime\sharedRuntime.cpp, line 605]
Event: 1.514 Thread 0x0000000002f97000 Implicit null exception at 0x0000000003493195 to 0x00000000034933fd
Event: 1.514 Thread 0x0000000002f97000 Exception <a 'java/lang/NullPointerException'> (0x000000076eb71e68) thrown at [C:\jenkins\workspace\8-2-build-windows-amd64-cygwin\jdk8u251\737\hotspot\src\share\vm\runtime\sharedRuntime.cpp, line 605]
Event: 1.514 Thread 0x0000000002f97000 Implicit null exception at 0x0000000003493195 to 0x00000000034933fd
Event: 1.514 Thread 0x0000000002f97000 Exception <a 'java/lang/NullPointerException'> (0x000000076eb73088) thrown at [C:\jenkins\workspace\8-2-build-windows-amd64-cygwin\jdk8u251\737\hotspot\src\share\vm\runtime\sharedRuntime.cpp, line 605]
Event: 1.520 Thread 0x0000000002f97000 Exception <a 'java/lang/ArrayIndexOutOfBoundsException'> (0x000000076eca6fd8) thrown at [C:\jenkins\workspace\8-2-build-windows-amd64-cygwin\jdk8u251\737\hotspot\src\share\vm\runtime\sharedRuntime.cpp, line 605]
Event: 1.585 Thread 0x0000000020a48000 Exception <a 'java/lang/reflect/InvocationTargetException'> (0x000000076fa2d6f0) thrown at [C:\jenkins\workspace\8-2-build-windows-amd64-cygwin\jdk8u251\737\hotspot\src\share\vm\runtime\reflection.cpp, line 1092]

Events (10 events):
Event: 1.681 loading class org/hibernate/type/FloatType done
Event: 1.682 loading class org/hibernate/type/descriptor/java/FloatTypeDescriptor
Event: 1.682 loading class org/hibernate/type/descriptor/java/FloatTypeDescriptor done
Event: 1.682 loading class org/hibernate/type/DoubleType
Event: 1.682 loading class org/hibernate/type/DoubleType done
Event: 1.682 loading class org/hibernate/type/descriptor/java/DoubleTypeDescriptor
Event: 1.682 loading class org/hibernate/type/descriptor/java/DoubleTypeDescriptor done
Event: 1.682 loading class org/hibernate/type/BigDecimalType
Event: 1.682 loading class org/hibernate/type/BigDecimalType done
Event: 1.682 Executing VM operation: CollectForMetadataAllocation


Dynamic libraries:
0x00007ff776a80000 - 0x00007ff776ab7000 	C:\Program Files\Java\jre1.8.0_251\bin\javaw.exe
0x00007ffc40f90000 - 0x00007ffc41186000 	C:\Windows\SYSTEM32\ntdll.dll
0x00007ffc40de0000 - 0x00007ffc40e9d000 	C:\Windows\System32\KERNEL32.DLL
0x00007ffc3eaf0000 - 0x00007ffc3edb9000 	C:\Windows\System32\KERNELBASE.dll
0x00007ffc40ea0000 - 0x00007ffc40f4c000 	C:\Windows\System32\ADVAPI32.dll
0x00007ffc3f290000 - 0x00007ffc3f32e000 	C:\Windows\System32\msvcrt.dll
0x00007ffc3fff0000 - 0x00007ffc4008c000 	C:\Windows\System32\sechost.dll
0x00007ffc3f5c0000 - 0x00007ffc3f6eb000 	C:\Windows\System32\RPCRT4.dll
0x00007ffc3eff0000 - 0x00007ffc3f190000 	C:\Windows\System32\USER32.dll
0x00007ffc3ef10000 - 0x00007ffc3ef32000 	C:\Windows\System32\win32u.dll
0x00007ffc40c20000 - 0x00007ffc40c4a000 	C:\Windows\System32\GDI32.dll
0x00007ffc3e880000 - 0x00007ffc3e989000 	C:\Windows\System32\gdi32full.dll
0x00007ffc3ee40000 - 0x00007ffc3eedd000 	C:\Windows\System32\msvcp_win.dll
0x00007ffc3e6d0000 - 0x00007ffc3e7d0000 	C:\Windows\System32\ucrtbase.dll
0x00007ffc311e0000 - 0x00007ffc3147b000 	C:\Windows\WinSxS\amd64_microsoft.windows.common-controls_6595b64144ccf1df_6.0.19041.488_none_ca04af081b815d21\COMCTL32.dll
0x00007ffc3f6f0000 - 0x00007ffc3f720000 	C:\Windows\System32\IMM32.DLL
0x0000000068770000 - 0x0000000068842000 	C:\Program Files\Java\jre1.8.0_251\bin\msvcr100.dll
0x00000000691e0000 - 0x0000000069a8b000 	C:\Program Files\Java\jre1.8.0_251\bin\server\jvm.dll
0x00007ffc40180000 - 0x00007ffc40188000 	C:\Windows\System32\PSAPI.DLL
0x00007ffc38c20000 - 0x00007ffc38c2a000 	C:\Windows\SYSTEM32\VERSION.dll
0x00007ffc2bec0000 - 0x00007ffc2bec9000 	C:\Windows\SYSTEM32\WSOCK32.dll
0x00007ffc30aa0000 - 0x00007ffc30ac7000 	C:\Windows\SYSTEM32\WINMM.dll
0x00007ffc3f780000 - 0x00007ffc3f7eb000 	C:\Windows\System32\WS2_32.dll
0x00007ffc360b0000 - 0x00007ffc360bf000 	C:\Program Files\Java\jre1.8.0_251\bin\verify.dll
0x00007ffc26fa0000 - 0x00007ffc26fc9000 	C:\Program Files\Java\jre1.8.0_251\bin\java.dll
0x00007ffc26300000 - 0x00007ffc26316000 	C:\Program Files\Java\jre1.8.0_251\bin\zip.dll
0x00007ffc3f7f0000 - 0x00007ffc3ff32000 	C:\Windows\System32\SHELL32.dll
0x00007ffc3c840000 - 0x00007ffc3cfd5000 	C:\Windows\SYSTEM32\windows.storage.dll
0x00007ffc408c0000 - 0x00007ffc40c16000 	C:\Windows\System32\combase.dll
0x00007ffc3e140000 - 0x00007ffc3e16c000 	C:\Windows\SYSTEM32\Wldp.dll
0x00007ffc403a0000 - 0x00007ffc4044e000 	C:\Windows\System32\SHCORE.dll
0x00007ffc3f720000 - 0x00007ffc3f775000 	C:\Windows\System32\shlwapi.dll
0x00007ffc3e600000 - 0x00007ffc3e626000 	C:\Windows\SYSTEM32\profapi.dll
0x00007ffc2c090000 - 0x00007ffc2c09d000 	C:\Program Files\Java\jre1.8.0_251\bin\management.dll
0x00007ffc262e0000 - 0x00007ffc262fa000 	C:\Program Files\Java\jre1.8.0_251\bin\net.dll
0x00007ffc3dec0000 - 0x00007ffc3df2a000 	C:\Windows\system32\mswsock.dll
0x00007ffc25790000 - 0x00007ffc257a2000 	C:\Program Files\Java\jre1.8.0_251\bin\nio.dll
0x00007ffc2bc90000 - 0x00007ffc2bca7000 	C:\Windows\system32\napinsp.dll
0x00007ffc2bc30000 - 0x00007ffc2bc4b000 	C:\Windows\system32\pnrpnsp.dll
0x00007ffc2bb60000 - 0x00007ffc2bb75000 	C:\Windows\system32\wshbth.dll
0x00007ffc3a1b0000 - 0x00007ffc3a1cd000 	C:\Windows\system32\NLAapi.dll
0x00007ffc3db60000 - 0x00007ffc3db9b000 	C:\Windows\SYSTEM32\IPHLPAPI.DLL
0x00007ffc3dba0000 - 0x00007ffc3dc6b000 	C:\Windows\SYSTEM32\DNSAPI.dll
0x00007ffc3f400000 - 0x00007ffc3f408000 	C:\Windows\System32\NSI.dll
0x00007ffc2ba20000 - 0x00007ffc2ba32000 	C:\Windows\System32\winrnr.dll
0x00007ffc304c0000 - 0x00007ffc304ca000 	C:\Windows\System32\rasadhlp.dll
0x00007ffc31d90000 - 0x00007ffc31e0f000 	C:\Windows\System32\fwpuclnt.dll
0x00007ffc3eee0000 - 0x00007ffc3ef07000 	C:\Windows\System32\bcrypt.dll
0x00007ffc3e090000 - 0x00007ffc3e0a8000 	C:\Windows\SYSTEM32\CRYPTSP.dll
0x00007ffc3d7e0000 - 0x00007ffc3d814000 	C:\Windows\system32\rsaenh.dll
0x00007ffc3e580000 - 0x00007ffc3e5ae000 	C:\Windows\SYSTEM32\USERENV.dll
0x00007ffc3edc0000 - 0x00007ffc3ee40000 	C:\Windows\System32\bcryptprimitives.dll
0x00007ffc3e0b0000 - 0x00007ffc3e0bc000 	C:\Windows\SYSTEM32\CRYPTBASE.dll
0x00007ffc387c0000 - 0x00007ffc387d7000 	C:\Windows\SYSTEM32\dhcpcsvc6.DLL
0x00007ffc38cc0000 - 0x00007ffc38cdd000 	C:\Windows\SYSTEM32\dhcpcsvc.DLL
0x00007ffc2b7b0000 - 0x00007ffc2b994000 	C:\Windows\SYSTEM32\dbghelp.dll

VM Arguments:
jvm_args: -Dcom.sun.management.jmxremote -Dcom.sun.management.jmxremote.port=64406 -Dcom.sun.management.jmxremote.authenticate=false -Dcom.sun.management.jmxremote.ssl=false -Djava.rmi.server.hostname=localhost -Dspring.jmx.enabled=true -Dspring.application.admin.enabled=true -Xverify:none -XX:TieredStopAtLevel=1 -Dspring.boot.project.name=polls -Dfile.encoding=UTF-8 
java_command: com.example.polls.PollsApplication --spring.output.ansi.enabled=always
java_class_path (initial): C:\Users\Dan Gullings\Projects\Web Service\My App\api\target\classes;C:\Users\Dan Gullings\.m2\repository\io\jsonwebtoken\jjwt\0.9.0\jjwt-0.9.0.jar;C:\Users\Dan Gullings\.m2\repository\com\fasterxml\jackson\core\jackson-databind\2.10.3\jackson-databind-2.10.3.jar;C:\Users\Dan Gullings\.m2\repository\com\fasterxml\jackson\datatype\jackson-datatype-jsr310\2.10.3\jackson-datatype-jsr310-2.10.3.jar;C:\Users\Dan Gullings\.m2\repository\com\fasterxml\jackson\core\jackson-annotations\2.10.3\jackson-annotations-2.10.3.jar;C:\Users\Dan Gullings\.m2\repository\com\fasterxml\jackson\core\jackson-core\2.10.3\jackson-core-2.10.3.jar;C:\Users\Dan Gullings\.m2\repository\org\springframework\boot\spring-boot-starter-data-jpa\2.2.6.RELEASE\spring-boot-starter-data-jpa-2.2.6.RELEASE.jar;C:\Users\Dan Gullings\.m2\repository\org\springframework\boot\spring-boot-starter-aop\2.2.6.RELEASE\spring-boot-starter-aop-2.2.6.RELEASE.jar;C:\Users\Dan Gullings\.m2\repository\org\aspectj\aspectjweaver\1.9.5\aspectjweaver-1.9.5.jar;C:\Users\Dan Gullings\.m2\repository\org\springframework\boot\spring-boot-starter-jdbc\2.2.6.RELEASE\spring-boot-starter-jdbc-2.2.6.RELEASE.jar;C:\Users\Dan Gullings\.m2\repository\com\zaxxer\HikariCP\3.4.2\HikariCP-3.4.2.jar;C:\Users\Dan Gullings\.m2\repository\org\springframework\spring-jdbc\5.2.5.RELEASE\spring-jdbc-5.2.5.RELEASE.jar;C:\Users\Dan Gullings\.m2\repository\jakarta\activation\jakarta.activation-api\1.2.2\jakarta.activation-api-1.2.2.jar;C:\Users\Dan Gullings\.m2\repository\jakarta\persistence\jakarta.persistence-api\2.2.3\jakarta.persistence-api-2.2.3.jar;C:\Users\Dan Gullings\.m2\repository\jakarta\transaction\jakarta.transaction-api\1.3.3\jakarta.transaction-api-1.3.3.jar;C:\Users\Dan Gullings\.m2\repository\org\hibernate\hibernate-core\5.4.12.Final\hibernate-core-5.4.12.Final.jar;C:\Users\Dan Gullings\.m2\repository\org\jboss\logging\jboss-logging\3.4.1.Final\jboss-logging-3.4.1.Final.jar;C:\Users\Dan Gullings\.m2\repositor
Launcher Type: SUN_STANDARD

Environment Variables:
PATH=C:/Program Files/Java/jre1.8.0_251/bin/server;C:/Program Files/Java/jre1.8.0_251/bin;C:/Program Files/Java/jre1.8.0_251/lib/amd64;C:\Python38\Scripts\;C:\Python38\;C:\Program Files (x86)\Common Files\Oracle\Java\javapath;C:\Windows\system32;C:\Windows;C:\Windows\System32\Wbem;C:\Windows\System32\WindowsPowerShell\v1.0\;C:\Windows\System32\OpenSSH\;C:\Program Files (x86)\NVIDIA Corporation\PhysX\Common;C:\Program Files\nodejs\;C:\ProgramData\chocolatey\bin;C:\Program Files\MySQL\MySQL Shell 8.0\bin\;C:\Users\Dan Gullings\AppData\Local\Microsoft\WindowsApps;C:\Users\Dan Gullings\AppData\Local\Programs\Microsoft VS Code\bin;C:\Users\Dan Gullings\AppData\Roaming\npm;;C:\Program Files\Spring Tool Suite;
USERNAME=Dan Gullings
OS=Windows_NT
PROCESSOR_IDENTIFIER=AMD64 Family 23 Model 113 Stepping 0, AuthenticAMD



---------------  S Y S T E M  ---------------

OS: Windows 10.0 , 64 bit Build 19041 (10.0.19041.662)

CPU:total 12 (initial active 12) (12 cores per cpu, 1 threads per core) family 23 model 113 stepping 0, cmov, cx8, fxsr, mmx, sse, sse2, sse3, ssse3, sse4.1, sse4.2, popcnt, avx, avx2, aes, clmul, mmxext, 3dnowpref, lzcnt, sse4a, tsc, tscinvbit, tscinv, bmi1

Memory: 4k page, physical 16686840k(9557192k free), swap 19177208k(7906372k free)

vm_info: Java HotSpot(TM) 64-Bit Server VM (25.251-b08) for windows-amd64 JRE (1.8.0_251-b08), built on Mar 12 2020 06:31:49 by "" with MS VC++ 10.0 (VS2010)

time: Thu Dec 24 15:03:44 2020
timezone: Central Standard Time
elapsed time: 1 seconds (0d 0h 0m 1s)

