#
# A fatal error has been detected by the Java Runtime Environment:
#
#  EXCEPTION_ACCESS_VIOLATION (0xc0000005) at pc=0x00000000692f53d8, pid=12152, tid=0x00000000000014b0
#
# JRE version: Java(TM) SE Runtime Environment (8.0_251-b08) (build 1.8.0_251-b08)
# Java VM: Java HotSpot(TM) 64-Bit Server VM (25.251-b08 mixed mode windows-amd64 compressed oops)
# Problematic frame:
# V  [jvm.dll+0x1153d8]
#
# Failed to write core dump. Minidumps are not enabled by default on client versions of Windows
#
# If you would like to submit a bug report, please visit:
#   http://bugreport.java.com/bugreport/crash.jsp
#

---------------  T H R E A D  ---------------

Current thread (0x000000000342f800):  GCTaskThread [stack: 0x0000000013920000,0x0000000013a20000] [id=5296]

siginfo: ExceptionCode=0xc0000005, reading address 0xffffffffffffffff

Registers:
RAX=0x0000000014120000, RBX=0x0000000000200000, RCX=0x0000000000000000, RDX=0x0000000000000000
RSP=0x0000000013a1f910, RBP=0x00000006c192e2d0, RSI=0x000000001d1750c0, RDI=0x000000001d1750c0
R8 =0x007ffffffc9f6000, R9 =0x00000007c0001ef8, R10=0x000000000000000c, R11=0x00000000697edec8
R12=0x00000006c192e2e4, R13=0x00000007c0002178, R14=0x00000007c0002180, R15=0x00000006c192e2a0
RIP=0x00000000692f53d8, EFLAGS=0x0000000000010246

Top of Stack: (sp=0x0000000013a1f910)
0x0000000013a1f910:   00000007c0001ef8 0000000000000002
0x0000000013a1f920:   000000001d1750c0 00000000692f5269
0x0000000013a1f930:   0000000000000000 000000000342ffa0
0x0000000013a1f940:   0000000003424cc0 000000070000070b
0x0000000013a1f950:   00000006c192e2a0 00000000692faf75
0x0000000013a1f960:   00000006c192e238 000000001d1750c0
0x0000000013a1f970:   000000001d1750c0 00000000698418c8
0x0000000013a1f980:   0000000013a1faa9 00000000695dff80
0x0000000013a1f990:   000000001d1750c0 000000070000070b
0x0000000013a1f9a0:   00000000698418c8 00000000000007dc
0x0000000013a1f9b0:   000000060000070b 000000070000070b
0x0000000013a1f9c0:   0000000000000000 0000000000000004
0x0000000013a1f9d0:   000000001d1750c0 00000000692f3fa2
0x0000000013a1f9e0:   00000006c1606258 0000000000000000
0x0000000013a1f9f0:   0000000000000000 0000000003424cc0
0x0000000013a1fa00:   000000000342ffb0 000000000342ffa0 

Instructions: (pc=0x00000000692f53d8)
0x00000000692f53b8:   05 d3 5b 71 00 49 c1 e8 03 49 d3 e8 41 0f b6 c0
0x00000000692f53c8:   49 c1 e8 06 24 3f 0f b6 d0 48 8b 05 e8 5b 71 00
0x00000000692f53d8:   4a 8b 0c c0 48 0f a3 d1 0f 82 59 01 00 00 0f b6
0x00000000692f53e8:   15 c4 67 70 00 84 d2 74 16 44 8b 43 08 8b 0d 6d 


Register to memory mapping:

RAX=0x0000000014120000 is an unknown value
RBX=0x0000000000200000 is an unknown value
RCX=0x0000000000000000 is an unknown value
RDX=0x0000000000000000 is an unknown value
RSP=0x0000000013a1f910 is an unknown value
RBP=0x00000006c192e2d0 is pointing into object: 0x00000006c192e2a0
java.lang.Class 
 - klass: 'java/lang/Class'
RSI=0x000000001d1750c0 is an unknown value
RDI=0x000000001d1750c0 is an unknown value
R8 =0x007ffffffc9f6000 is an unknown value
R9 =0x00000007c0001ef8 is pointing into metadata
R10=0x000000000000000c is an unknown value
R11=0x00000000697edec8 is an unknown value
R12=0x00000006c192e2e4 is pointing into object: 0x00000006c192e2a0
java.lang.Class 
 - klass: 'java/lang/Class'
R13=0x00000007c0002178 is pointing into metadata
R14=0x00000007c0002180 is pointing into metadata
R15=0x00000006c192e2a0 is an oop
java.lang.Class 
 - klass: 'java/lang/Class'


Stack: [0x0000000013920000,0x0000000013a20000],  sp=0x0000000013a1f910,  free space=1022k
Native frames: (J=compiled Java code, j=interpreted, Vv=VM code, C=native code)
V  [jvm.dll+0x1153d8]
V  [jvm.dll+0x11af75]
V  [jvm.dll+0x3fff80]
V  [jvm.dll+0x3fd1d0]
V  [jvm.dll+0x3fad6e]
V  [jvm.dll+0x2a001a]
C  [msvcr100.dll+0x21d9f]
C  [msvcr100.dll+0x21e3b]
C  [KERNEL32.DLL+0x17034]
C  [ntdll.dll+0x4d0d1]


---------------  P R O C E S S  ---------------

Java Threads: ( => current thread )
  0x0000000022508000 JavaThread "mysql-cj-abandoned-connection-cleanup" daemon [_thread_blocked, id=11116, stack(0x0000000021720000,0x0000000021820000)]
  0x0000000021b65800 JavaThread "JMX server connection timeout 19" daemon [_thread_blocked, id=9916, stack(0x0000000022ff0000,0x00000000230f0000)]
  0x0000000021b56000 JavaThread "RMI TCP Connection(2)-127.0.0.1" daemon [_thread_in_native, id=6384, stack(0x0000000022ef0000,0x0000000022ff0000)]
  0x0000000021b50000 JavaThread "RMI Scheduler(0)" daemon [_thread_blocked, id=7928, stack(0x0000000022cf0000,0x0000000022df0000)]
  0x0000000021b46800 JavaThread "RMI TCP Connection(1)-127.0.0.1" daemon [_thread_in_native, id=5444, stack(0x0000000022bf0000,0x0000000022cf0000)]
  0x0000000020bb8800 JavaThread "RMI TCP Accept-0" daemon [_thread_in_native, id=15520, stack(0x00000000211e0000,0x00000000212e0000)]
  0x0000000020bb7800 JavaThread "RMI TCP Accept-64374" daemon [_thread_in_native, id=13732, stack(0x00000000210e0000,0x00000000211e0000)]
  0x0000000020ba8800 JavaThread "RMI TCP Accept-0" daemon [_thread_in_native, id=15952, stack(0x0000000020fe0000,0x00000000210e0000)]
  0x000000001e9c2000 JavaThread "Service Thread" daemon [_thread_blocked, id=6900, stack(0x00000000203a0000,0x00000000204a0000)]
  0x000000001e947000 JavaThread "C1 CompilerThread3" daemon [_thread_blocked, id=13248, stack(0x00000000202a0000,0x00000000203a0000)]
  0x000000001e942800 JavaThread "C2 CompilerThread2" daemon [_thread_blocked, id=8984, stack(0x00000000201a0000,0x00000000202a0000)]
  0x000000001e940000 JavaThread "C2 CompilerThread1" daemon [_thread_blocked, id=7984, stack(0x00000000200a0000,0x00000000201a0000)]
  0x000000001e93c000 JavaThread "C2 CompilerThread0" daemon [_thread_blocked, id=14716, stack(0x000000001ffa0000,0x00000000200a0000)]
  0x000000001e93b000 JavaThread "Attach Listener" daemon [_thread_blocked, id=7032, stack(0x000000001fea0000,0x000000001ffa0000)]
  0x000000001e93a000 JavaThread "Signal Dispatcher" daemon [_thread_blocked, id=13016, stack(0x000000001fda0000,0x000000001fea0000)]
  0x000000001e923800 JavaThread "Finalizer" daemon [_thread_blocked, id=15828, stack(0x000000001fba0000,0x000000001fca0000)]
  0x000000001d25e800 JavaThread "Reference Handler" daemon [_thread_blocked, id=12564, stack(0x000000001faa0000,0x000000001fba0000)]
  0x0000000003417000 JavaThread "main" [_thread_blocked, id=7540, stack(0x00000000032d0000,0x00000000033d0000)]

Other Threads:
  0x000000001e901800 VMThread [stack: 0x000000001f9a0000,0x000000001faa0000] [id=11632]
  0x0000000020bc6000 WatcherThread [stack: 0x00000000212e0000,0x00000000213e0000] [id=852]

=>0x000000000342f800 (exited) GCTaskThread [stack: 0x0000000013920000,0x0000000013a20000] [id=5296]

VM state:at safepoint (normal execution)

VM Mutex/Monitor currently owned by a thread:  ([mutex/lock_event])
[0x0000000003413590] Threads_lock - owner thread: 0x000000001e901800
[0x0000000003413f10] Heap_lock - owner thread: 0x0000000003417000

heap address: 0x00000006c1600000, size: 4074 MB, Compressed Oops mode: Zero based, Oop shift amount: 3
Narrow klass base: 0x0000000000000000, Narrow klass shift: 3
Compressed class space size: 1073741824 Address: 0x00000007c0000000

Heap:
 PSYoungGen      total 180736K, used 12370K [0x000000076b200000, 0x0000000778c80000, 0x00000007c0000000)
  eden space 165376K, 0% used [0x000000076b200000,0x000000076b200000,0x0000000775380000)
  from space 15360K, 80% used [0x0000000776380000,0x0000000776f94ba0,0x0000000777280000)
  to   space 16384K, 0% used [0x0000000775380000,0x0000000775380000,0x0000000776380000)
 ParOldGen       total 94720K, used 7280K [0x00000006c1600000, 0x00000006c7280000, 0x000000076b200000)
  object space 94720K, 7% used [0x00000006c1600000,0x00000006c1d1c1a0,0x00000006c7280000)
 Metaspace       used 33532K, capacity 35386K, committed 35496K, reserved 1079296K
  class space    used 4767K, capacity 5102K, committed 5120K, reserved 1048576K

Card table byte_map: [0x00000000129d0000,0x00000000131d0000] byte_map_base: 0x000000000f3c5000

Marking Bits: (ParMarkBitMap*) 0x0000000069a0af90
 Begin Bits: [0x0000000014120000, 0x00000000180c8000)
 End Bits:   [0x00000000180c8000, 0x000000001c070000)

Polling page: 0x00000000033d0000

CodeCache: size=245760Kb used=6385Kb max_used=6385Kb free=239374Kb
 bounds [0x0000000003610000, 0x0000000003c50000, 0x0000000012610000]
 total_blobs=3574 nmethods=3155 adapters=331
 compilation: enabled

Compilation events (10 events):
Event: 1.631 Thread 0x000000001e947000 3151       1       sun.reflect.AccessorGenerator::getClassName (184 bytes)
Event: 1.632 Thread 0x000000001e947000 nmethod 3151 0x0000000003c4a7d0 code [0x0000000003c4aa40, 0x0000000003c4b2f8]
Event: 1.645 Thread 0x000000001e947000 3152       1       java.util.regex.ASCII::isType (15 bytes)
Event: 1.645 Thread 0x000000001e947000 nmethod 3152 0x0000000003c4b790 code [0x0000000003c4b8e0, 0x0000000003c4ba30]
Event: 1.645 Thread 0x000000001e947000 3153       1       java.util.regex.ASCII::getType (17 bytes)
Event: 1.645 Thread 0x000000001e947000 nmethod 3153 0x0000000003c4bb10 code [0x0000000003c4bc60, 0x0000000003c4bd90]
Event: 1.653 Thread 0x000000001e947000 3154       1       java.lang.Integer::numberOfLeadingZeros (76 bytes)
Event: 1.653 Thread 0x000000001e947000 nmethod 3154 0x0000000003c4be50 code [0x0000000003c4bfa0, 0x0000000003c4c110]
Event: 1.658 Thread 0x000000001e947000 3155       1       org.apache.logging.log4j.Level::getStandardLevel (5 bytes)
Event: 1.658 Thread 0x000000001e947000 nmethod 3155 0x0000000003c4c350 code [0x0000000003c4c4a0, 0x0000000003c4c5b0]

GC Heap History (10 events):
Event: 0.718 GC heap after
Heap after GC invocations=3 (full 0):
 PSYoungGen      total 76288K, used 6244K [0x000000076b200000, 0x0000000774700000, 0x00000007c0000000)
  eden space 65536K, 0% used [0x000000076b200000,0x000000076b200000,0x000000076f200000)
  from space 10752K, 58% used [0x000000076f200000,0x000000076f819078,0x000000076fc80000)
  to   space 10752K, 0% used [0x0000000773c80000,0x0000000773c80000,0x0000000774700000)
 ParOldGen       total 175104K, used 392K [0x00000006c1600000, 0x00000006cc100000, 0x000000076b200000)
  object space 175104K, 0% used [0x00000006c1600000,0x00000006c16621e0,0x00000006cc100000)
 Metaspace       used 20420K, capacity 21164K, committed 21296K, reserved 1067008K
  class space    used 2781K, capacity 2979K, committed 3072K, reserved 1048576K
}
Event: 0.718 GC heap before
{Heap before GC invocations=4 (full 1):
 PSYoungGen      total 76288K, used 6244K [0x000000076b200000, 0x0000000774700000, 0x00000007c0000000)
  eden space 65536K, 0% used [0x000000076b200000,0x000000076b200000,0x000000076f200000)
  from space 10752K, 58% used [0x000000076f200000,0x000000076f819078,0x000000076fc80000)
  to   space 10752K, 0% used [0x0000000773c80000,0x0000000773c80000,0x0000000774700000)
 ParOldGen       total 175104K, used 392K [0x00000006c1600000, 0x00000006cc100000, 0x000000076b200000)
  object space 175104K, 0% used [0x00000006c1600000,0x00000006c16621e0,0x00000006cc100000)
 Metaspace       used 20420K, capacity 21164K, committed 21296K, reserved 1067008K
  class space    used 2781K, capacity 2979K, committed 3072K, reserved 1048576K
Event: 0.735 GC heap after
Heap after GC invocations=4 (full 1):
 PSYoungGen      total 76288K, used 0K [0x000000076b200000, 0x0000000774700000, 0x00000007c0000000)
  eden space 65536K, 0% used [0x000000076b200000,0x000000076b200000,0x000000076f200000)
  from space 10752K, 0% used [0x000000076f200000,0x000000076f200000,0x000000076fc80000)
  to   space 10752K, 0% used [0x0000000773c80000,0x0000000773c80000,0x0000000774700000)
 ParOldGen       total 94720K, used 6058K [0x00000006c1600000, 0x00000006c7280000, 0x000000076b200000)
  object space 94720K, 6% used [0x00000006c1600000,0x00000006c1beab88,0x00000006c7280000)
 Metaspace       used 20418K, capacity 21158K, committed 21296K, reserved 1067008K
  class space    used 2780K, capacity 2978K, committed 3072K, reserved 1048576K
}
Event: 0.848 GC heap before
{Heap before GC invocations=5 (full 1):
 PSYoungGen      total 76288K, used 65536K [0x000000076b200000, 0x0000000774700000, 0x00000007c0000000)
  eden space 65536K, 100% used [0x000000076b200000,0x000000076f200000,0x000000076f200000)
  from space 10752K, 0% used [0x000000076f200000,0x000000076f200000,0x000000076fc80000)
  to   space 10752K, 0% used [0x0000000773c80000,0x0000000773c80000,0x0000000774700000)
 ParOldGen       total 94720K, used 6058K [0x00000006c1600000, 0x00000006c7280000, 0x000000076b200000)
  object space 94720K, 6% used [0x00000006c1600000,0x00000006c1beab88,0x00000006c7280000)
 Metaspace       used 21735K, capacity 22564K, committed 22656K, reserved 1069056K
  class space    used 2966K, capacity 3175K, committed 3200K, reserved 1048576K
Event: 0.850 GC heap after
Heap after GC invocations=5 (full 1):
 PSYoungGen      total 109568K, used 3145K [0x000000076b200000, 0x0000000774000000, 0x00000007c0000000)
  eden space 105984K, 0% used [0x000000076b200000,0x000000076b200000,0x0000000771980000)
  from space 3584K, 87% used [0x0000000773c80000,0x0000000773f92790,0x0000000774000000)
  to   space 10752K, 0% used [0x0000000772b00000,0x0000000772b00000,0x0000000773580000)
 ParOldGen       total 94720K, used 6066K [0x00000006c1600000, 0x00000006c7280000, 0x000000076b200000)
  object space 94720K, 6% used [0x00000006c1600000,0x00000006c1becb88,0x00000006c7280000)
 Metaspace       used 21735K, capacity 22564K, committed 22656K, reserved 1069056K
  class space    used 2966K, capacity 3175K, committed 3200K, reserved 1048576K
}
Event: 1.357 GC heap before
{Heap before GC invocations=6 (full 1):
 PSYoungGen      total 109568K, used 109129K [0x000000076b200000, 0x0000000774000000, 0x00000007c0000000)
  eden space 105984K, 100% used [0x000000076b200000,0x0000000771980000,0x0000000771980000)
  from space 3584K, 87% used [0x0000000773c80000,0x0000000773f92790,0x0000000774000000)
  to   space 10752K, 0% used [0x0000000772b00000,0x0000000772b00000,0x0000000773580000)
 ParOldGen       total 94720K, used 6066K [0x00000006c1600000, 0x00000006c7280000, 0x000000076b200000)
  object space 94720K, 6% used [0x00000006c1600000,0x00000006c1becb88,0x00000006c7280000)
 Metaspace       used 28149K, capacity 29826K, committed 29952K, reserved 1075200K
  class space    used 3944K, capacity 4282K, committed 4352K, reserved 1048576K
Event: 1.363 GC heap after
Heap after GC invocations=6 (full 1):
 PSYoungGen      total 134656K, used 10725K [0x000000076b200000, 0x0000000777280000, 0x00000007c0000000)
  eden space 123904K, 0% used [0x000000076b200000,0x000000076b200000,0x0000000772b00000)
  from space 10752K, 99% used [0x0000000772b00000,0x00000007735794e0,0x0000000773580000)
  to   space 15360K, 0% used [0x0000000776380000,0x0000000776380000,0x0000000777280000)
 ParOldGen       total 94720K, used 7272K [0x00000006c1600000, 0x00000006c7280000, 0x000000076b200000)
  object space 94720K, 7% used [0x00000006c1600000,0x00000006c1d1a1a0,0x00000006c7280000)
 Metaspace       used 28149K, capacity 29826K, committed 29952K, reserved 1075200K
  class space    used 3944K, capacity 4282K, committed 4352K, reserved 1048576K
}
Event: 1.662 GC heap before
{Heap before GC invocations=7 (full 1):
 PSYoungGen      total 134656K, used 107426K [0x000000076b200000, 0x0000000777280000, 0x00000007c0000000)
  eden space 123904K, 78% used [0x000000076b200000,0x000000077106f470,0x0000000772b00000)
  from space 10752K, 99% used [0x0000000772b00000,0x00000007735794e0,0x0000000773580000)
  to   space 15360K, 0% used [0x0000000776380000,0x0000000776380000,0x0000000777280000)
 ParOldGen       total 94720K, used 7272K [0x00000006c1600000, 0x00000006c7280000, 0x000000076b200000)
  object space 94720K, 7% used [0x00000006c1600000,0x00000006c1d1a1a0,0x00000006c7280000)
 Metaspace       used 33532K, capacity 35386K, committed 35496K, reserved 1079296K
  class space    used 4767K, capacity 5102K, committed 5120K, reserved 1048576K
Event: 1.668 GC heap after
Heap after GC invocations=7 (full 1):
 PSYoungGen      total 180736K, used 12370K [0x000000076b200000, 0x0000000778c80000, 0x00000007c0000000)
  eden space 165376K, 0% used [0x000000076b200000,0x000000076b200000,0x0000000775380000)
  from space 15360K, 80% used [0x0000000776380000,0x0000000776f94ba0,0x0000000777280000)
  to   space 16384K, 0% used [0x0000000775380000,0x0000000775380000,0x0000000776380000)
 ParOldGen       total 94720K, used 7280K [0x00000006c1600000, 0x00000006c7280000, 0x000000076b200000)
  object space 94720K, 7% used [0x00000006c1600000,0x00000006c1d1c1a0,0x00000006c7280000)
 Metaspace       used 33532K, capacity 35386K, committed 35496K, reserved 1079296K
  class space    used 4767K, capacity 5102K, committed 5120K, reserved 1048576K
}
Event: 1.668 GC heap before
{Heap before GC invocations=8 (full 2):
 PSYoungGen      total 180736K, used 12370K [0x000000076b200000, 0x0000000778c80000, 0x00000007c0000000)
  eden space 165376K, 0% used [0x000000076b200000,0x000000076b200000,0x0000000775380000)
  from space 15360K, 80% used [0x0000000776380000,0x0000000776f94ba0,0x0000000777280000)
  to   space 16384K, 0% used [0x0000000775380000,0x0000000775380000,0x0000000776380000)
 ParOldGen       total 94720K, used 7280K [0x00000006c1600000, 0x00000006c7280000, 0x000000076b200000)
  object space 94720K, 7% used [0x00000006c1600000,0x00000006c1d1c1a0,0x00000006c7280000)
 Metaspace       used 33532K, capacity 35386K, committed 35496K, reserved 1079296K
  class space    used 4767K, capacity 5102K, committed 5120K, reserved 1048576K

Deoptimization events (0 events):
No events

Classes redefined (0 events):
No events

Internal exceptions (10 events):
Event: 1.492 Thread 0x0000000003417000 Exception <a 'java/lang/NullPointerException'> (0x000000076ef48c58) thrown at [C:\jenkins\workspace\8-2-build-windows-amd64-cygwin\jdk8u251\737\hotspot\src\share\vm\runtime\sharedRuntime.cpp, line 605]
Event: 1.492 Thread 0x0000000003417000 Implicit null exception at 0x0000000003a1d795 to 0x0000000003a1d9fd
Event: 1.492 Thread 0x0000000003417000 Exception <a 'java/lang/NullPointerException'> (0x000000076ef49e18) thrown at [C:\jenkins\workspace\8-2-build-windows-amd64-cygwin\jdk8u251\737\hotspot\src\share\vm\runtime\sharedRuntime.cpp, line 605]
Event: 1.492 Thread 0x0000000003417000 Implicit null exception at 0x0000000003a1d795 to 0x0000000003a1d9fd
Event: 1.492 Thread 0x0000000003417000 Exception <a 'java/lang/NullPointerException'> (0x000000076ef4b068) thrown at [C:\jenkins\workspace\8-2-build-windows-amd64-cygwin\jdk8u251\737\hotspot\src\share\vm\runtime\sharedRuntime.cpp, line 605]
Event: 1.492 Thread 0x0000000003417000 Implicit null exception at 0x0000000003a1d795 to 0x0000000003a1d9fd
Event: 1.492 Thread 0x0000000003417000 Exception <a 'java/lang/NullPointerException'> (0x000000076ef4c2c8) thrown at [C:\jenkins\workspace\8-2-build-windows-amd64-cygwin\jdk8u251\737\hotspot\src\share\vm\runtime\sharedRuntime.cpp, line 605]
Event: 1.499 Thread 0x0000000003417000 Exception <a 'java/lang/ArrayIndexOutOfBoundsException'> (0x000000076f11b1b8) thrown at [C:\jenkins\workspace\8-2-build-windows-amd64-cygwin\jdk8u251\737\hotspot\src\share\vm\runtime\sharedRuntime.cpp, line 605]
Event: 1.505 Thread 0x0000000003417000 Exception <a 'java/lang/ArrayIndexOutOfBoundsException'> (0x000000076f1be6d0) thrown at [C:\jenkins\workspace\8-2-build-windows-amd64-cygwin\jdk8u251\737\hotspot\src\share\vm\runtime\sharedRuntime.cpp, line 605]
Event: 1.594 Thread 0x0000000021b56000 Exception <a 'java/lang/reflect/InvocationTargetException'> (0x000000077038ac78) thrown at [C:\jenkins\workspace\8-2-build-windows-amd64-cygwin\jdk8u251\737\hotspot\src\share\vm\runtime\reflection.cpp, line 1092]

Events (10 events):
Event: 1.661 loading class org/hibernate/type/BigDecimalType done
Event: 1.661 loading class org/hibernate/type/descriptor/java/BigDecimalTypeDescriptor
Event: 1.661 loading class org/hibernate/type/descriptor/java/BigDecimalTypeDescriptor done
Event: 1.662 loading class org/hibernate/type/BigIntegerType
Event: 1.662 loading class org/hibernate/type/BigIntegerType done
Event: 1.662 loading class org/hibernate/type/descriptor/java/BigIntegerTypeDescriptor
Event: 1.662 loading class org/hibernate/type/descriptor/java/BigIntegerTypeDescriptor done
Event: 1.662 loading class org/hibernate/type/StringType
Event: 1.662 loading class org/hibernate/type/StringType done
Event: 1.662 Executing VM operation: CollectForMetadataAllocation


Dynamic libraries:
0x00007ff776a80000 - 0x00007ff776ab7000 	C:\Program Files\Java\jre1.8.0_251\bin\javaw.exe
0x00007ffc40f90000 - 0x00007ffc41186000 	C:\Windows\SYSTEM32\ntdll.dll
0x00007ffc40de0000 - 0x00007ffc40e9d000 	C:\Windows\System32\KERNEL32.DLL
0x00007ffc3eaf0000 - 0x00007ffc3edb9000 	C:\Windows\System32\KERNELBASE.dll
0x00007ffc40ea0000 - 0x00007ffc40f4c000 	C:\Windows\System32\ADVAPI32.dll
0x00007ffc3f290000 - 0x00007ffc3f32e000 	C:\Windows\System32\msvcrt.dll
0x00007ffc3fff0000 - 0x00007ffc4008c000 	C:\Windows\System32\sechost.dll
0x00007ffc3f5c0000 - 0x00007ffc3f6eb000 	C:\Windows\System32\RPCRT4.dll
0x00007ffc3eff0000 - 0x00007ffc3f190000 	C:\Windows\System32\USER32.dll
0x00007ffc3ef10000 - 0x00007ffc3ef32000 	C:\Windows\System32\win32u.dll
0x00007ffc40c20000 - 0x00007ffc40c4a000 	C:\Windows\System32\GDI32.dll
0x00007ffc3e880000 - 0x00007ffc3e989000 	C:\Windows\System32\gdi32full.dll
0x00007ffc3ee40000 - 0x00007ffc3eedd000 	C:\Windows\System32\msvcp_win.dll
0x00007ffc3e6d0000 - 0x00007ffc3e7d0000 	C:\Windows\System32\ucrtbase.dll
0x00007ffc311e0000 - 0x00007ffc3147b000 	C:\Windows\WinSxS\amd64_microsoft.windows.common-controls_6595b64144ccf1df_6.0.19041.488_none_ca04af081b815d21\COMCTL32.dll
0x00007ffc3f6f0000 - 0x00007ffc3f720000 	C:\Windows\System32\IMM32.DLL
0x0000000068770000 - 0x0000000068842000 	C:\Program Files\Java\jre1.8.0_251\bin\msvcr100.dll
0x00000000691e0000 - 0x0000000069a8b000 	C:\Program Files\Java\jre1.8.0_251\bin\server\jvm.dll
0x00007ffc40180000 - 0x00007ffc40188000 	C:\Windows\System32\PSAPI.DLL
0x00007ffc30aa0000 - 0x00007ffc30ac7000 	C:\Windows\SYSTEM32\WINMM.dll
0x00007ffc2bec0000 - 0x00007ffc2bec9000 	C:\Windows\SYSTEM32\WSOCK32.dll
0x00007ffc38c20000 - 0x00007ffc38c2a000 	C:\Windows\SYSTEM32\VERSION.dll
0x00007ffc3f780000 - 0x00007ffc3f7eb000 	C:\Windows\System32\WS2_32.dll
0x00007ffc360b0000 - 0x00007ffc360bf000 	C:\Program Files\Java\jre1.8.0_251\bin\verify.dll
0x00007ffc26fa0000 - 0x00007ffc26fc9000 	C:\Program Files\Java\jre1.8.0_251\bin\java.dll
0x00007ffc26300000 - 0x00007ffc26316000 	C:\Program Files\Java\jre1.8.0_251\bin\zip.dll
0x00007ffc3f7f0000 - 0x00007ffc3ff32000 	C:\Windows\System32\SHELL32.dll
0x00007ffc3c840000 - 0x00007ffc3cfd5000 	C:\Windows\SYSTEM32\windows.storage.dll
0x00007ffc408c0000 - 0x00007ffc40c16000 	C:\Windows\System32\combase.dll
0x00007ffc3e140000 - 0x00007ffc3e16c000 	C:\Windows\SYSTEM32\Wldp.dll
0x00007ffc403a0000 - 0x00007ffc4044e000 	C:\Windows\System32\SHCORE.dll
0x00007ffc3f720000 - 0x00007ffc3f775000 	C:\Windows\System32\shlwapi.dll
0x00007ffc3e600000 - 0x00007ffc3e626000 	C:\Windows\SYSTEM32\profapi.dll
0x00007ffc2c090000 - 0x00007ffc2c09d000 	C:\Program Files\Java\jre1.8.0_251\bin\management.dll
0x00007ffc262e0000 - 0x00007ffc262fa000 	C:\Program Files\Java\jre1.8.0_251\bin\net.dll
0x00007ffc3dec0000 - 0x00007ffc3df2a000 	C:\Windows\system32\mswsock.dll
0x00007ffc25790000 - 0x00007ffc257a2000 	C:\Program Files\Java\jre1.8.0_251\bin\nio.dll
0x00007ffc2bc90000 - 0x00007ffc2bca7000 	C:\Windows\system32\napinsp.dll
0x00007ffc2bc30000 - 0x00007ffc2bc4b000 	C:\Windows\system32\pnrpnsp.dll
0x00007ffc2bb60000 - 0x00007ffc2bb75000 	C:\Windows\system32\wshbth.dll
0x00007ffc3a1b0000 - 0x00007ffc3a1cd000 	C:\Windows\system32\NLAapi.dll
0x00007ffc3db60000 - 0x00007ffc3db9b000 	C:\Windows\SYSTEM32\IPHLPAPI.DLL
0x00007ffc3dba0000 - 0x00007ffc3dc6b000 	C:\Windows\SYSTEM32\DNSAPI.dll
0x00007ffc3f400000 - 0x00007ffc3f408000 	C:\Windows\System32\NSI.dll
0x00007ffc2ba20000 - 0x00007ffc2ba32000 	C:\Windows\System32\winrnr.dll
0x00007ffc304c0000 - 0x00007ffc304ca000 	C:\Windows\System32\rasadhlp.dll
0x00007ffc31d90000 - 0x00007ffc31e0f000 	C:\Windows\System32\fwpuclnt.dll
0x00007ffc3eee0000 - 0x00007ffc3ef07000 	C:\Windows\System32\bcrypt.dll
0x00007ffc3e090000 - 0x00007ffc3e0a8000 	C:\Windows\SYSTEM32\CRYPTSP.dll
0x00007ffc3d7e0000 - 0x00007ffc3d814000 	C:\Windows\system32\rsaenh.dll
0x00007ffc3e580000 - 0x00007ffc3e5ae000 	C:\Windows\SYSTEM32\USERENV.dll
0x00007ffc3edc0000 - 0x00007ffc3ee40000 	C:\Windows\System32\bcryptprimitives.dll
0x00007ffc3e0b0000 - 0x00007ffc3e0bc000 	C:\Windows\SYSTEM32\CRYPTBASE.dll
0x00007ffc387c0000 - 0x00007ffc387d7000 	C:\Windows\SYSTEM32\dhcpcsvc6.DLL
0x00007ffc38cc0000 - 0x00007ffc38cdd000 	C:\Windows\SYSTEM32\dhcpcsvc.DLL
0x00007ffc2b7b0000 - 0x00007ffc2b994000 	C:\Windows\SYSTEM32\dbghelp.dll

VM Arguments:
jvm_args: -Dcom.sun.management.jmxremote -Dcom.sun.management.jmxremote.port=64374 -Dcom.sun.management.jmxremote.authenticate=false -Dcom.sun.management.jmxremote.ssl=false -Djava.rmi.server.hostname=localhost -Dspring.jmx.enabled=true -Dspring.application.admin.enabled=true -Xverify:none -XX:TieredStopAtLevel=1 -Dspring.boot.project.name=polls -Dfile.encoding=UTF-8 
java_command: com.example.polls.PollsApplication --spring.output.ansi.enabled=always
java_class_path (initial): C:\Users\Dan Gullings\Projects\Web Service\My App\api\target\classes;C:\Users\Dan Gullings\.m2\repository\io\jsonwebtoken\jjwt\0.9.0\jjwt-0.9.0.jar;C:\Users\Dan Gullings\.m2\repository\com\fasterxml\jackson\core\jackson-databind\2.10.3\jackson-databind-2.10.3.jar;C:\Users\Dan Gullings\.m2\repository\com\fasterxml\jackson\datatype\jackson-datatype-jsr310\2.10.3\jackson-datatype-jsr310-2.10.3.jar;C:\Users\Dan Gullings\.m2\repository\com\fasterxml\jackson\core\jackson-annotations\2.10.3\jackson-annotations-2.10.3.jar;C:\Users\Dan Gullings\.m2\repository\com\fasterxml\jackson\core\jackson-core\2.10.3\jackson-core-2.10.3.jar;C:\Users\Dan Gullings\.m2\repository\org\springframework\boot\spring-boot-starter-data-jpa\2.2.6.RELEASE\spring-boot-starter-data-jpa-2.2.6.RELEASE.jar;C:\Users\Dan Gullings\.m2\repository\org\springframework\boot\spring-boot-starter-aop\2.2.6.RELEASE\spring-boot-starter-aop-2.2.6.RELEASE.jar;C:\Users\Dan Gullings\.m2\repository\org\aspectj\aspectjweaver\1.9.5\aspectjweaver-1.9.5.jar;C:\Users\Dan Gullings\.m2\repository\org\springframework\boot\spring-boot-starter-jdbc\2.2.6.RELEASE\spring-boot-starter-jdbc-2.2.6.RELEASE.jar;C:\Users\Dan Gullings\.m2\repository\com\zaxxer\HikariCP\3.4.2\HikariCP-3.4.2.jar;C:\Users\Dan Gullings\.m2\repository\org\springframework\spring-jdbc\5.2.5.RELEASE\spring-jdbc-5.2.5.RELEASE.jar;C:\Users\Dan Gullings\.m2\repository\jakarta\activation\jakarta.activation-api\1.2.2\jakarta.activation-api-1.2.2.jar;C:\Users\Dan Gullings\.m2\repository\jakarta\persistence\jakarta.persistence-api\2.2.3\jakarta.persistence-api-2.2.3.jar;C:\Users\Dan Gullings\.m2\repository\jakarta\transaction\jakarta.transaction-api\1.3.3\jakarta.transaction-api-1.3.3.jar;C:\Users\Dan Gullings\.m2\repository\org\hibernate\hibernate-core\5.4.12.Final\hibernate-core-5.4.12.Final.jar;C:\Users\Dan Gullings\.m2\repository\org\jboss\logging\jboss-logging\3.4.1.Final\jboss-logging-3.4.1.Final.jar;C:\Users\Dan Gullings\.m2\repositor
Launcher Type: SUN_STANDARD

Environment Variables:
PATH=C:/Program Files/Java/jre1.8.0_251/bin/server;C:/Program Files/Java/jre1.8.0_251/bin;C:/Program Files/Java/jre1.8.0_251/lib/amd64;C:\Python38\Scripts\;C:\Python38\;C:\Program Files (x86)\Common Files\Oracle\Java\javapath;C:\Windows\system32;C:\Windows;C:\Windows\System32\Wbem;C:\Windows\System32\WindowsPowerShell\v1.0\;C:\Windows\System32\OpenSSH\;C:\Program Files (x86)\NVIDIA Corporation\PhysX\Common;C:\Program Files\nodejs\;C:\ProgramData\chocolatey\bin;C:\Program Files\MySQL\MySQL Shell 8.0\bin\;C:\Users\Dan Gullings\AppData\Local\Microsoft\WindowsApps;C:\Users\Dan Gullings\AppData\Local\Programs\Microsoft VS Code\bin;C:\Users\Dan Gullings\AppData\Roaming\npm;;C:\Program Files\Spring Tool Suite;
USERNAME=Dan Gullings
OS=Windows_NT
PROCESSOR_IDENTIFIER=AMD64 Family 23 Model 113 Stepping 0, AuthenticAMD



---------------  S Y S T E M  ---------------

OS: Windows 10.0 , 64 bit Build 19041 (10.0.19041.662)

CPU:total 12 (initial active 12) (12 cores per cpu, 1 threads per core) family 23 model 113 stepping 0, cmov, cx8, fxsr, mmx, sse, sse2, sse3, ssse3, sse4.1, sse4.2, popcnt, avx, avx2, aes, clmul, mmxext, 3dnowpref, lzcnt, sse4a, tsc, tscinvbit, tscinv, bmi1

Memory: 4k page, physical 16686840k(9546964k free), swap 19177208k(7889196k free)

vm_info: Java HotSpot(TM) 64-Bit Server VM (25.251-b08) for windows-amd64 JRE (1.8.0_251-b08), built on Mar 12 2020 06:31:49 by "" with MS VC++ 10.0 (VS2010)

time: Thu Dec 24 15:03:23 2020
timezone: Central Standard Time
elapsed time: 1 seconds (0d 0h 0m 1s)

